{"logTime": "1220/064256", "correlationVector":"Og44mUYvX7x64GKgi2qJ1S.1","action":"SyncServerConnectionManagerRequest", "result":"SYNC_SERVER_OK", "context":{"environment":"Prod_WestEurope_000l", "migrationStage":"NotStarted", "server":"GENERAL0100000Z"}}
{"logTime": "1220/064257", "correlationVector":"RaMToCGyC5BbbGe62UKeeO","action":"SyncServerConnectionManagerRequest", "result":"SYNC_SERVER_OK", "context":{"environment":"", "migrationStage":"", "server":""}}
{"logTime": "1220/064257", "correlationVector":"Og44mUYvX7x64GKgi2qJ1S","action":"Initial GetUpdates", "result":"", "context":Reason: NEW_CLIENT. cV=Og44mUYvX7x64GKgi2qJ1S}
{"logTime": "1220/064257", "correlationVector":"Og44mUYvX7x64GKgi2qJ1S.2","action":"GetUpdates Response", "result":"Success", "context":Received 1 update(s). cV=Og44mUYvX7x64GKgi2qJ1S.0;server=GENERAL0100000Z;cloudType=Consumer;environment=Prod_WestEurope_000l;migrationStage=NotStarted}
{"logTime": "1220/064257", "correlationVector":"h84WJsz158WemgAMqZTtNz","action":"Initial GetUpdates", "result":"", "context":Reason: NEWLY_SUPPORTED_DATATYPE. cV=h84WJsz158WemgAMqZTtNz}
{"logTime": "1220/064257", "correlationVector":"h84WJsz158WemgAMqZTtNz.1","action":"SyncServerConnectionManagerRequest", "result":"SYNC_SERVER_OK", "context":{"environment":"Prod_WestEurope_000l", "migrationStage":"NotStarted", "server":"GENERAL0100000C"}}
{"logTime": "1220/064257", "correlationVector":"h84WJsz158WemgAMqZTtNz.2","action":"GetUpdates Response", "result":"Success", "context":Received 52 update(s). cV=h84WJsz158WemgAMqZTtNz.0;server=GENERAL0100000C;cloudType=Consumer;environment=Prod_WestEurope_000l;migrationStage=NotStarted}
{"logTime": "1220/064258", "correlationVector":"AjiO00kU301Xvo4oAxGQa9","action":"Initial GetUpdates", "result":"", "context":Reason: NEWLY_SUPPORTED_DATATYPE. cV=AjiO00kU301Xvo4oAxGQa9}
{"logTime": "1220/064258", "correlationVector":"AjiO00kU301Xvo4oAxGQa9.1","action":"SyncServerConnectionManagerRequest", "result":"SYNC_SERVER_OK", "context":{"environment":"Prod_WestEurope_000l", "migrationStage":"NotStarted", "server":"GENERAL01000000"}}
{"logTime": "1220/064258", "correlationVector":"AjiO00kU301Xvo4oAxGQa9.2","action":"GetUpdates Response", "result":"Success", "context":Received 5 update(s). cV=AjiO00kU301Xvo4oAxGQa9.0;server=GENERAL01000000;cloudType=Consumer;environment=Prod_WestEurope_000l;migrationStage=NotStarted}
{"logTime": "1220/064258", "correlationVector":"bquNz+UVIfgapyScbTqUUD","action":"Initial GetUpdates", "result":"", "context":Reason: NEWLY_SUPPORTED_DATATYPE. cV=bquNz+UVIfgapyScbTqUUD}
{"logTime": "1220/064258", "correlationVector":"bquNz+UVIfgapyScbTqUUD.1","action":"SyncServerConnectionManagerRequest", "result":"SYNC_SERVER_OK", "context":{"environment":"Prod_WestEurope_000l", "migrationStage":"NotStarted", "server":"GENERAL0100001N"}}
{"logTime": "1220/064258", "correlationVector":"bquNz+UVIfgapyScbTqUUD.2","action":"GetUpdates", "result":"DeleteReceived", "context":{"id":"bffa36c8-e855-4ada-a6fd-4ba54e278117", "isDeleted:":"true", "version":"1730618049981"}}
{"logTime": "1220/064258", "correlationVector":"bquNz+UVIfgapyScbTqUUD.3","action":"GetUpdates", "result":"DeleteReceived", "context":{"id":"0b9890ee-91e8-4c1c-af72-72a3eeeea367", "isDeleted:":"true", "version":"1730668502353"}}
{"logTime": "1220/064258", "correlationVector":"bquNz+UVIfgapyScbTqUUD.4","action":"GetUpdates", "result":"DeleteReceived", "context":{"id":"2331852b-8357-4ba2-bb9c-d22e8d4caa7c", "isDeleted:":"true", "version":"1731054400670"}}
{"logTime": "1220/064258", "correlationVector":"bquNz+UVIfgapyScbTqUUD.5","action":"GetUpdates", "result":"DeleteReceived", "context":{"id":"82948096-4f82-4be3-907f-092b904dd5c0", "isDeleted:":"true", "version":"1731069124536"}}
{"logTime": "1220/064258", "correlationVector":"bquNz+UVIfgapyScbTqUUD.6","action":"GetUpdates", "result":"DeleteReceived", "context":{"id":"8661b263-2f9c-47e0-ab29-f6e2f0c7097f", "isDeleted:":"true", "version":"1731069422315"}}
{"logTime": "1220/064258", "correlationVector":"bquNz+UVIfgapyScbTqUUD.7","action":"GetUpdates", "result":"DeleteReceived", "context":{"id":"3426b7f4-c0fb-448b-9c7a-57d505369b0a", "isDeleted:":"true", "version":"1731070072175"}}
{"logTime": "1220/064258", "correlationVector":"bquNz+UVIfgapyScbTqUUD.8","action":"GetUpdates", "result":"DeleteReceived", "context":{"id":"66690efe-7993-48e6-a71a-53db42513607", "isDeleted:":"true", "version":"1731082660978"}}
{"logTime": "1220/064258", "correlationVector":"bquNz+UVIfgapyScbTqUUD.9","action":"GetUpdates", "result":"DeleteReceived", "context":{"id":"d3329953-cc20-42b4-b9d0-2cc1483fbf39", "isDeleted:":"true", "version":"1731092262589"}}
{"logTime": "1220/064258", "correlationVector":"bquNz+UVIfgapyScbTqUUD.10","action":"GetUpdates", "result":"DeleteReceived", "context":{"id":"9ceb5f25-cddd-4847-8fb4-4b5bd2ec1bd8", "isDeleted:":"true", "version":"1731094723970"}}
{"logTime": "1220/064258", "correlationVector":"bquNz+UVIfgapyScbTqUUD.11","action":"GetUpdates", "result":"DeleteReceived", "context":{"id":"2567d5a9-1aac-4344-b6c3-0bb6d3bb8682", "isDeleted:":"true", "version":"1731096193373"}}
{"logTime": "1220/064258", "correlationVector":"bquNz+UVIfgapyScbTqUUD.12","action":"GetUpdates", "result":"DeleteReceived", "context":{"id":"3b267167-4d84-4cac-9c8d-97098a6fc409", "isDeleted:":"true", "version":"1731125150730"}}
{"logTime": "1220/064258", "correlationVector":"bquNz+UVIfgapyScbTqUUD.13","action":"GetUpdates", "result":"DeleteReceived", "context":{"id":"e5b3490e-b3ae-4ec0-b565-a9bdc678d76a", "isDeleted:":"true", "version":"1731127124518"}}
{"logTime": "1220/064258", "correlationVector":"bquNz+UVIfgapyScbTqUUD.14","action":"GetUpdates", "result":"DeleteReceived", "context":{"id":"7275a535-45c8-4c0a-892c-866911284328", "isDeleted:":"true", "version":"1731128161339"}}
{"logTime": "1220/064258", "correlationVector":"bquNz+UVIfgapyScbTqUUD.15","action":"GetUpdates", "result":"DeleteReceived", "context":{"id":"ef0c33d0-59c5-4940-8e8a-06907ad50155", "isDeleted:":"true", "version":"1731134472206"}}
{"logTime": "1220/064258", "correlationVector":"bquNz+UVIfgapyScbTqUUD.16","action":"GetUpdates", "result":"DeleteReceived", "context":{"id":"75c8eb52-fee7-4d51-b576-ed470e84a6fc", "isDeleted:":"true", "version":"1731134485139"}}
{"logTime": "1220/064258", "correlationVector":"bquNz+UVIfgapyScbTqUUD.17","action":"GetUpdates", "result":"DeleteReceived", "context":{"id":"4370716d-bbd4-4c7c-9521-c5bf69360f73", "isDeleted:":"true", "version":"1731136079685"}}
{"logTime": "1220/064258", "correlationVector":"bquNz+UVIfgapyScbTqUUD.18","action":"GetUpdates", "result":"DeleteReceived", "context":{"id":"05c72127-4be4-4829-926f-10e754699ca2", "isDeleted:":"true", "version":"1731136328554"}}
{"logTime": "1220/064258", "correlationVector":"bquNz+UVIfgapyScbTqUUD.19","action":"GetUpdates", "result":"DeleteReceived", "context":{"id":"9eb486ed-6bb7-49f3-8447-28ab5ca616eb", "isDeleted:":"true", "version":"1731143552334"}}
{"logTime": "1220/064258", "correlationVector":"bquNz+UVIfgapyScbTqUUD.20","action":"GetUpdates", "result":"DeleteReceived", "context":{"id":"df3ad12b-0d56-4402-9bfd-d4c084411a2c", "isDeleted:":"true", "version":"1731144192737"}}
{"logTime": "1220/064258", "correlationVector":"bquNz+UVIfgapyScbTqUUD.21","action":"GetUpdates", "result":"DeleteReceived", "context":{"id":"fb2c65a2-d388-49a8-aa9d-9c2ca180a480", "isDeleted:":"true", "version":"1731144528150"}}
{"logTime": "1220/064258", "correlationVector":"bquNz+UVIfgapyScbTqUUD.22","action":"GetUpdates", "result":"DeleteReceived", "context":{"id":"59ea5835-f4a0-4ed6-be86-45cb8b99e2a9", "isDeleted:":"true", "version":"1731145697296"}}
{"logTime": "1220/064258", "correlationVector":"bquNz+UVIfgapyScbTqUUD.23","action":"GetUpdates", "result":"DeleteReceived", "context":{"id":"e2ebafde-b8b0-4ce5-a6e4-0202de3314a8", "isDeleted:":"true", "version":"1731147639691"}}
{"logTime": "1220/064258", "correlationVector":"bquNz+UVIfgapyScbTqUUD.24","action":"GetUpdates", "result":"DeleteReceived", "context":{"id":"558709c9-20a9-4efe-82d3-27a234d7cd1d", "isDeleted:":"true", "version":"1731149944244"}}
{"logTime": "1220/064258", "correlationVector":"bquNz+UVIfgapyScbTqUUD.25","action":"GetUpdates", "result":"DeleteReceived", "context":{"id":"1e341187-a82c-46c6-9bef-bd3b59610664", "isDeleted:":"true", "version":"1731223254994"}}
{"logTime": "1220/064258", "correlationVector":"bquNz+UVIfgapyScbTqUUD.26","action":"GetUpdates", "result":"DeleteReceived", "context":{"id":"771076e5-5d2c-4115-9917-f4b19a871ed6", "isDeleted:":"true", "version":"1731223813635"}}
{"logTime": "1220/064258", "correlationVector":"bquNz+UVIfgapyScbTqUUD.27","action":"GetUpdates", "result":"DeleteReceived", "context":{"id":"172d1542-7f71-476b-909e-c5d6eb87e402", "isDeleted:":"true", "version":"1731230440907"}}
{"logTime": "1220/064258", "correlationVector":"bquNz+UVIfgapyScbTqUUD.28","action":"GetUpdates", "result":"DeleteReceived", "context":{"id":"4ddd6b1c-d9f5-479a-a2a9-d0f4663c1500", "isDeleted:":"true", "version":"1731661690548"}}
{"logTime": "1220/064258", "correlationVector":"bquNz+UVIfgapyScbTqUUD.29","action":"GetUpdates", "result":"DeleteReceived", "context":{"id":"04728813-2916-4df0-b815-42fe313daf0d", "isDeleted:":"true", "version":"1731669747066"}}
{"logTime": "1220/064258", "correlationVector":"bquNz+UVIfgapyScbTqUUD.30","action":"GetUpdates", "result":"DeleteReceived", "context":{"id":"79f47b85-745d-40fc-a4da-4d53ab876cba", "isDeleted:":"true", "version":"1731670099487"}}
{"logTime": "1220/064258", "correlationVector":"bquNz+UVIfgapyScbTqUUD.31","action":"GetUpdates", "result":"DeleteReceived", "context":{"id":"18bbdff6-27e4-427b-b573-338c908fa925", "isDeleted:":"true", "version":"1731671164646"}}
{"logTime": "1220/064258", "correlationVector":"bquNz+UVIfgapyScbTqUUD.32","action":"GetUpdates", "result":"DeleteReceived", "context":{"id":"e1aeed72-433c-4d7a-af71-cf964d02b1ba", "isDeleted:":"true", "version":"1731674804391"}}
{"logTime": "1220/064258", "correlationVector":"bquNz+UVIfgapyScbTqUUD.33","action":"GetUpdates", "result":"DeleteReceived", "context":{"id":"53708259-10a2-4e41-b01c-2476168bed30", "isDeleted:":"true", "version":"1731674852559"}}
{"logTime": "1220/064258", "correlationVector":"bquNz+UVIfgapyScbTqUUD.34","action":"GetUpdates", "result":"DeleteReceived", "context":{"id":"1bdeaa33-67a9-4485-9f0d-0b561bb0e51f", "isDeleted:":"true", "version":"1732030539569"}}
{"logTime": "1220/064258", "correlationVector":"bquNz+UVIfgapyScbTqUUD.35","action":"GetUpdates", "result":"DeleteReceived", "context":{"id":"6ada5c6b-3ebb-47ca-af4c-8da4a87b64a6", "isDeleted:":"true", "version":"1732030539570"}}
{"logTime": "1220/064258", "correlationVector":"bquNz+UVIfgapyScbTqUUD.36","action":"GetUpdates", "result":"DeleteReceived", "context":{"id":"c8c63dfd-9d0d-43ac-8ab4-e0b7d8cff960", "isDeleted:":"true", "version":"1732030539571"}}
{"logTime": "1220/064258", "correlationVector":"bquNz+UVIfgapyScbTqUUD.37","action":"GetUpdates", "result":"DeleteReceived", "context":{"id":"577f72d1-992b-43be-ae97-826868e9198e", "isDeleted:":"true", "version":"1732030539572"}}
{"logTime": "1220/064258", "correlationVector":"bquNz+UVIfgapyScbTqUUD.38","action":"GetUpdates", "result":"DeleteReceived", "context":{"id":"a38be89d-25e5-410f-a35a-913c5c3eea05", "isDeleted:":"true", "version":"1732030539573"}}
{"logTime": "1220/064258", "correlationVector":"bquNz+UVIfgapyScbTqUUD.39","action":"GetUpdates", "result":"DeleteReceived", "context":{"id":"c9778ba4-bfb5-47f6-a04e-160afb6ad6d4", "isDeleted:":"true", "version":"1732030539574"}}
{"logTime": "1220/064258", "correlationVector":"bquNz+UVIfgapyScbTqUUD.40","action":"GetUpdates", "result":"DeleteReceived", "context":{"id":"20b63337-49e0-4afb-938f-1ab88996ab94", "isDeleted:":"true", "version":"1732030539576"}}
{"logTime": "1220/064258", "correlationVector":"bquNz+UVIfgapyScbTqUUD.41","action":"GetUpdates", "result":"DeleteReceived", "context":{"id":"6a074a09-6ebb-4983-b475-0c9cc364d129", "isDeleted:":"true", "version":"1732030539577"}}
{"logTime": "1220/064258", "correlationVector":"bquNz+UVIfgapyScbTqUUD.42","action":"GetUpdates", "result":"DeleteReceived", "context":{"id":"c3acc4b8-ceff-42f1-9ee4-8711cd4d5122", "isDeleted:":"true", "version":"1732030539578"}}
{"logTime": "1220/064258", "correlationVector":"bquNz+UVIfgapyScbTqUUD.43","action":"GetUpdates", "result":"DeleteReceived", "context":{"id":"26de2379-b36a-49f5-ad55-5cb1e23e688d", "isDeleted:":"true", "version":"1732032936765"}}
{"logTime": "1220/064258", "correlationVector":"bquNz+UVIfgapyScbTqUUD.44","action":"GetUpdates", "result":"DeleteReceived", "context":{"id":"a3f70b6f-acca-4aa8-82ad-f891c9c878cd", "isDeleted:":"true", "version":"1732076277488"}}
{"logTime": "1220/064258", "correlationVector":"bquNz+UVIfgapyScbTqUUD.45","action":"GetUpdates", "result":"DeleteReceived", "context":{"id":"bf8ccbc2-a4a3-4437-8e3b-a06a3a7edade", "isDeleted:":"true", "version":"1732076422884"}}
{"logTime": "1220/064258", "correlationVector":"bquNz+UVIfgapyScbTqUUD.46","action":"GetUpdates", "result":"DeleteReceived", "context":{"id":"44fb982e-08d2-45bc-af4e-c657aa2c0789", "isDeleted:":"true", "version":"1732079657107"}}
{"logTime": "1220/064258", "correlationVector":"bquNz+UVIfgapyScbTqUUD.47","action":"GetUpdates", "result":"DeleteReceived", "context":{"id":"7052af84-25ef-407f-856a-5a84058509ba", "isDeleted:":"true", "version":"1732084555575"}}
{"logTime": "1220/064258", "correlationVector":"bquNz+UVIfgapyScbTqUUD.48","action":"GetUpdates", "result":"DeleteReceived", "context":{"id":"0de7ef54-82a0-4884-9033-d8c097325216", "isDeleted:":"true", "version":"1732093198472"}}
{"logTime": "1220/064258", "correlationVector":"bquNz+UVIfgapyScbTqUUD.49","action":"GetUpdates", "result":"DeleteReceived", "context":{"id":"a2c02cde-f026-48ef-a9e2-22eb42549959", "isDeleted:":"true", "version":"1732099128504"}}
{"logTime": "1220/064258", "correlationVector":"bquNz+UVIfgapyScbTqUUD.50","action":"GetUpdates", "result":"DeleteReceived", "context":{"id":"622046cd-2921-4d92-8d89-63b7837bb169", "isDeleted:":"true", "version":"1732189903382"}}
{"logTime": "1220/064258", "correlationVector":"bquNz+UVIfgapyScbTqUUD.51","action":"GetUpdates", "result":"DeleteReceived", "context":{"id":"edc8ab38-4ba3-4004-a1a4-93acdc145a9e", "isDeleted:":"true", "version":"1732194490820"}}
{"logTime": "1220/064258", "correlationVector":"bquNz+UVIfgapyScbTqUUD.52","action":"GetUpdates", "result":"DeleteReceived", "context":{"id":"68fb67a6-a1b0-4c99-840d-75a2c4932988", "isDeleted:":"true", "version":"1732200967585"}}
{"logTime": "1220/064258", "correlationVector":"bquNz+UVIfgapyScbTqUUD.53","action":"GetUpdates", "result":"DeleteReceived", "context":{"id":"a343d7f2-914c-4ef2-8738-998970722313", "isDeleted:":"true", "version":"1732206489788"}}
{"logTime": "1220/064258", "correlationVector":"bquNz+UVIfgapyScbTqUUD.54","action":"GetUpdates", "result":"DeleteReceived", "context":{"id":"3c56293f-c7ee-4f25-9382-5af01e0c4e0e", "isDeleted:":"true", "version":"1732248855702"}}
{"logTime": "1220/064258", "correlationVector":"bquNz+UVIfgapyScbTqUUD.55","action":"GetUpdates", "result":"DeleteReceived", "context":{"id":"ca8825ba-b9b3-4ede-81af-cf2df0a9a8c1", "isDeleted:":"true", "version":"1732249812420"}}
{"logTime": "1220/064258", "correlationVector":"bquNz+UVIfgapyScbTqUUD.56","action":"GetUpdates", "result":"DeleteReceived", "context":{"id":"aeed6ec6-6201-42f1-8688-e6074ac8f4dc", "isDeleted:":"true", "version":"1732257722765"}}
{"logTime": "1220/064258", "correlationVector":"bquNz+UVIfgapyScbTqUUD.57","action":"GetUpdates", "result":"DeleteReceived", "context":{"id":"e0e63efe-a35b-4bd2-8363-dad97669a6bf", "isDeleted:":"true", "version":"1732257722766"}}
{"logTime": "1220/064258", "correlationVector":"bquNz+UVIfgapyScbTqUUD.58","action":"GetUpdates", "result":"DeleteReceived", "context":{"id":"1eb3ca74-892e-4a72-93e6-c80a919f6ce7", "isDeleted:":"true", "version":"1732257722767"}}
{"logTime": "1220/064258", "correlationVector":"bquNz+UVIfgapyScbTqUUD.59","action":"GetUpdates", "result":"DeleteReceived", "context":{"id":"7a7616fc-0606-4781-8fc3-b0e6d4f2c460", "isDeleted:":"true", "version":"1732265056986"}}
{"logTime": "1220/064258", "correlationVector":"bquNz+UVIfgapyScbTqUUD.60","action":"GetUpdates", "result":"DeleteReceived", "context":{"id":"08559a1a-3cb1-4004-9ff2-4dfbf2cc8602", "isDeleted:":"true", "version":"1732265056987"}}
{"logTime": "1220/064258", "correlationVector":"bquNz+UVIfgapyScbTqUUD.61","action":"GetUpdates", "result":"DeleteReceived", "context":{"id":"f9c25a95-217e-4296-b8e8-f854c37f93d0", "isDeleted:":"true", "version":"1732436275702"}}
{"logTime": "1220/064258", "correlationVector":"bquNz+UVIfgapyScbTqUUD.62","action":"GetUpdates", "result":"DeleteReceived", "context":{"id":"cd98ea02-a673-4d30-b6fd-b0c580a98ecc", "isDeleted:":"true", "version":"1732436275703"}}
{"logTime": "1220/064258", "correlationVector":"bquNz+UVIfgapyScbTqUUD.63","action":"GetUpdates", "result":"DeleteReceived", "context":{"id":"545ee0bb-1b92-477d-8524-bbb1e218f668", "isDeleted:":"true", "version":"1732436275704"}}
{"logTime": "1220/064258", "correlationVector":"bquNz+UVIfgapyScbTqUUD.64","action":"GetUpdates", "result":"DeleteReceived", "context":{"id":"93390228-bfd0-4af9-b08e-dd8989636074", "isDeleted:":"true", "version":"1732436275705"}}
{"logTime": "1220/064258", "correlationVector":"bquNz+UVIfgapyScbTqUUD.65","action":"GetUpdates", "result":"DeleteReceived", "context":{"id":"99c0a595-aec7-47b5-800d-4aa49c079ee4", "isDeleted:":"true", "version":"1732436275706"}}
{"logTime": "1220/064258", "correlationVector":"bquNz+UVIfgapyScbTqUUD.66","action":"GetUpdates", "result":"DeleteReceived", "context":{"id":"a013acce-d46b-4ff4-aed3-f5abdd79f991", "isDeleted:":"true", "version":"1732436275707"}}
{"logTime": "1220/064258", "correlationVector":"bquNz+UVIfgapyScbTqUUD.67","action":"GetUpdates", "result":"DeleteReceived", "context":{"id":"a95badc8-2457-41b6-905c-3517f56db101", "isDeleted:":"true", "version":"1732436275708"}}
{"logTime": "1220/064258", "correlationVector":"bquNz+UVIfgapyScbTqUUD.68","action":"GetUpdates", "result":"DeleteReceived", "context":{"id":"d6064658-40af-4018-b74a-92e9eab518f7", "isDeleted:":"true", "version":"1732436275709"}}
{"logTime": "1220/064258", "correlationVector":"bquNz+UVIfgapyScbTqUUD.69","action":"GetUpdates", "result":"DeleteReceived", "context":{"id":"7eb2708f-3027-4765-a5c3-85489177cf63", "isDeleted:":"true", "version":"1732436275710"}}
{"logTime": "1220/064258", "correlationVector":"bquNz+UVIfgapyScbTqUUD.70","action":"GetUpdates", "result":"DeleteReceived", "context":{"id":"95ac4a22-fc81-4487-880b-b0e6b6228ffe", "isDeleted:":"true", "version":"1732436275711"}}
{"logTime": "1220/064258", "correlationVector":"bquNz+UVIfgapyScbTqUUD.71","action":"GetUpdates", "result":"DeleteReceived", "context":{"id":"b375f550-d96b-4158-b418-971bae7a4912", "isDeleted:":"true", "version":"1732436275712"}}
{"logTime": "1220/064258", "correlationVector":"bquNz+UVIfgapyScbTqUUD.72","action":"GetUpdates", "result":"DeleteReceived", "context":{"id":"360a5461-15f5-41be-940f-4374520804d4", "isDeleted:":"true", "version":"1732436275713"}}
{"logTime": "1220/064258", "correlationVector":"bquNz+UVIfgapyScbTqUUD.73","action":"GetUpdates", "result":"DeleteReceived", "context":{"id":"5e1387c5-07d2-4341-b9e1-6146b544a000", "isDeleted:":"true", "version":"1732436275714"}}
{"logTime": "1220/064258", "correlationVector":"bquNz+UVIfgapyScbTqUUD.74","action":"GetUpdates", "result":"DeleteReceived", "context":{"id":"04a877b6-3f20-4ba8-ace2-330a7284a162", "isDeleted:":"true", "version":"1732436275715"}}
{"logTime": "1220/064258", "correlationVector":"bquNz+UVIfgapyScbTqUUD.75","action":"GetUpdates", "result":"DeleteReceived", "context":{"id":"ac8744ee-c0a7-4119-b81c-cd3ddd925cef", "isDeleted:":"true", "version":"1732436275716"}}
{"logTime": "1220/064258", "correlationVector":"bquNz+UVIfgapyScbTqUUD.76","action":"GetUpdates", "result":"DeleteReceived", "context":{"id":"beb8200e-8dc0-40dd-911b-a66984ffa4aa", "isDeleted:":"true", "version":"1732436275717"}}
{"logTime": "1220/064258", "correlationVector":"bquNz+UVIfgapyScbTqUUD.77","action":"GetUpdates", "result":"DeleteReceived", "context":{"id":"6be053cd-e9b4-42b6-b5ac-e9c6d241a5bc", "isDeleted:":"true", "version":"1732436275718"}}
{"logTime": "1220/064258", "correlationVector":"bquNz+UVIfgapyScbTqUUD.78","action":"GetUpdates", "result":"DeleteReceived", "context":{"id":"9c7856ed-12fc-4a0c-b8b5-5a27324603e5", "isDeleted:":"true", "version":"1732550605942"}}
{"logTime": "1220/064258", "correlationVector":"bquNz+UVIfgapyScbTqUUD.79","action":"GetUpdates", "result":"DeleteReceived", "context":{"id":"4b1c7d93-b1dc-4c3b-9a10-94f53dfce064", "isDeleted:":"true", "version":"1732550673701"}}
{"logTime": "1220/064258", "correlationVector":"bquNz+UVIfgapyScbTqUUD.80","action":"GetUpdates", "result":"DeleteReceived", "context":{"id":"5a79caca-6fc2-44de-b057-eef5be6d30fe", "isDeleted:":"true", "version":"1732552501989"}}
{"logTime": "1220/064258", "correlationVector":"bquNz+UVIfgapyScbTqUUD.81","action":"GetUpdates", "result":"DeleteReceived", "context":{"id":"58bd4d89-0ddb-47e9-bbf3-432aafe2d239", "isDeleted:":"true", "version":"1732552682400"}}
{"logTime": "1220/064258", "correlationVector":"bquNz+UVIfgapyScbTqUUD.82","action":"GetUpdates", "result":"DeleteReceived", "context":{"id":"f78b302b-52b5-4756-9d04-adaef4fe410b", "isDeleted:":"true", "version":"1732552885211"}}
{"logTime": "1220/064258", "correlationVector":"bquNz+UVIfgapyScbTqUUD.83","action":"GetUpdates", "result":"DeleteReceived", "context":{"id":"40fa0504-6f89-4e7e-9aca-2e41c4e76344", "isDeleted:":"true", "version":"1732552982331"}}
{"logTime": "1220/064258", "correlationVector":"bquNz+UVIfgapyScbTqUUD.84","action":"GetUpdates", "result":"DeleteReceived", "context":{"id":"bb9de856-7a75-4303-a561-3d6e1567e69e", "isDeleted:":"true", "version":"1732554648815"}}
{"logTime": "1220/064258", "correlationVector":"bquNz+UVIfgapyScbTqUUD.85","action":"GetUpdates", "result":"DeleteReceived", "context":{"id":"8f627260-84e5-4cdd-97a8-80557f4dd7c3", "isDeleted:":"true", "version":"1732556682187"}}
{"logTime": "1220/064258", "correlationVector":"bquNz+UVIfgapyScbTqUUD.86","action":"GetUpdates", "result":"DeleteReceived", "context":{"id":"b0e3d2cd-2b17-4e78-85c3-c740e5974aa1", "isDeleted:":"true", "version":"1732557114064"}}
{"logTime": "1220/064258", "correlationVector":"bquNz+UVIfgapyScbTqUUD.87","action":"GetUpdates", "result":"DeleteReceived", "context":{"id":"f6ecf2d8-70a7-494b-a39b-eed004ecb0a1", "isDeleted:":"true", "version":"1732587562289"}}
{"logTime": "1220/064258", "correlationVector":"bquNz+UVIfgapyScbTqUUD.88","action":"GetUpdates", "result":"DeleteReceived", "context":{"id":"6bbe8b9e-54ab-422c-a1c4-737d0d2cdd8c", "isDeleted:":"true", "version":"1732594438392"}}
{"logTime": "1220/064258", "correlationVector":"bquNz+UVIfgapyScbTqUUD.89","action":"GetUpdates", "result":"DeleteReceived", "context":{"id":"c3b02bfa-9b09-4ea0-8165-63bcd86eb283", "isDeleted:":"true", "version":"1732594561632"}}
{"logTime": "1220/064258", "correlationVector":"bquNz+UVIfgapyScbTqUUD.90","action":"GetUpdates", "result":"DeleteReceived", "context":{"id":"a737a334-04be-4031-a925-0c00dfb4beda", "isDeleted:":"true", "version":"1732594746018"}}
{"logTime": "1220/064258", "correlationVector":"bquNz+UVIfgapyScbTqUUD.91","action":"GetUpdates", "result":"DeleteReceived", "context":{"id":"ce652432-c814-458f-a4ce-14de4a27627b", "isDeleted:":"true", "version":"1732595070185"}}
{"logTime": "1220/064258", "correlationVector":"bquNz+UVIfgapyScbTqUUD.92","action":"GetUpdates", "result":"DeleteReceived", "context":{"id":"c78c8e9a-0dba-4f99-9dc9-3e6d84b84604", "isDeleted:":"true", "version":"1732595410405"}}
{"logTime": "1220/064258", "correlationVector":"bquNz+UVIfgapyScbTqUUD.93","action":"GetUpdates", "result":"DeleteReceived", "context":{"id":"32a81072-d014-4780-a284-834231e41dec", "isDeleted:":"true", "version":"1732595711226"}}
{"logTime": "1220/064258", "correlationVector":"bquNz+UVIfgapyScbTqUUD.94","action":"GetUpdates", "result":"DeleteReceived", "context":{"id":"0ca2dd85-338c-4af7-87f6-c9c77e0f7ab6", "isDeleted:":"true", "version":"1732596187132"}}
{"logTime": "1220/064258", "correlationVector":"bquNz+UVIfgapyScbTqUUD.95","action":"GetUpdates", "result":"DeleteReceived", "context":{"id":"63129912-a896-42b1-a155-56a269f46b1a", "isDeleted:":"true", "version":"1732597159287"}}
{"logTime": "1220/064258", "correlationVector":"bquNz+UVIfgapyScbTqUUD.96","action":"GetUpdates", "result":"DeleteReceived", "context":{"id":"68e1a82f-c48d-459d-9067-6dfcc714e14c", "isDeleted:":"true", "version":"1732603466455"}}
{"logTime": "1220/064258", "correlationVector":"bquNz+UVIfgapyScbTqUUD.97","action":"GetUpdates", "result":"DeleteReceived", "context":{"id":"8bd1d6f7-a7fc-4991-9d3f-c5602ea50558", "isDeleted:":"true", "version":"1732603679598"}}
{"logTime": "1220/064258", "correlationVector":"bquNz+UVIfgapyScbTqUUD.98","action":"GetUpdates", "result":"DeleteReceived", "context":{"id":"1be0fda6-6038-4a4d-876a-2b94bcfd15be", "isDeleted:":"true", "version":"1732603986781"}}
{"logTime": "1220/064258", "correlationVector":"bquNz+UVIfgapyScbTqUUD.99","action":"GetUpdates", "result":"DeleteReceived", "context":{"id":"79b77748-7eb0-408f-8ec6-12554e614dd2", "isDeleted:":"true", "version":"1732604492452"}}
{"logTime": "1220/064258", "correlationVector":"bquNz+UVIfgapyScbTqUUD.100","action":"GetUpdates", "result":"DeleteReceived", "context":{"id":"f9052bf5-70d4-4212-9c81-4140b1a4cadd", "isDeleted:":"true", "version":"1732604492453"}}
{"logTime": "1220/064258", "correlationVector":"bquNz+UVIfgapyScbTqUUD.101","action":"GetUpdates", "result":"DeleteReceived", "context":{"id":"f1eaae66-c06b-4dce-b7dd-e48071e6a9c9", "isDeleted:":"true", "version":"1732604492454"}}
{"logTime": "1220/064258", "correlationVector":"bquNz+UVIfgapyScbTqUUD.102","action":"GetUpdates", "result":"DeleteReceived", "context":{"id":"a6c40b06-675d-4542-b1ad-8f2a6d1f40c1", "isDeleted:":"true", "version":"1732604492455"}}
{"logTime": "1220/064258", "correlationVector":"bquNz+UVIfgapyScbTqUUD.103","action":"GetUpdates", "result":"DeleteReceived", "context":{"id":"208147ef-0442-4cc4-ae9a-21cd12f71d47", "isDeleted:":"true", "version":"1732604492456"}}
{"logTime": "1220/064258", "correlationVector":"bquNz+UVIfgapyScbTqUUD.104","action":"GetUpdates", "result":"DeleteReceived", "context":{"id":"63a10277-9574-432e-8b24-40768f0a49a7", "isDeleted:":"true", "version":"1732604549300"}}
{"logTime": "1220/064258", "correlationVector":"bquNz+UVIfgapyScbTqUUD.105","action":"GetUpdates", "result":"DeleteReceived", "context":{"id":"e9cd3c35-b42f-4193-944c-9446795a0463", "isDeleted:":"true", "version":"1732612281339"}}
{"logTime": "1220/064258", "correlationVector":"bquNz+UVIfgapyScbTqUUD.106","action":"GetUpdates", "result":"DeleteReceived", "context":{"id":"264b96fe-0232-4d24-9ad8-a38ea579b2a1", "isDeleted:":"true", "version":"1732613722130"}}
{"logTime": "1220/064258", "correlationVector":"bquNz+UVIfgapyScbTqUUD.107","action":"GetUpdates", "result":"DeleteReceived", "context":{"id":"cbb3d9e1-2166-43aa-97db-03d374ac006a", "isDeleted:":"true", "version":"1732769022640"}}
{"logTime": "1220/064258", "correlationVector":"bquNz+UVIfgapyScbTqUUD.108","action":"GetUpdates", "result":"DeleteReceived", "context":{"id":"ab0c6564-57c0-4b29-98ab-6cd45d8475e6", "isDeleted:":"true", "version":"1732769022642"}}
{"logTime": "1220/064258", "correlationVector":"bquNz+UVIfgapyScbTqUUD.109","action":"GetUpdates", "result":"DeleteReceived", "context":{"id":"8b952100-2087-43f2-9534-c6e48d6d1642", "isDeleted:":"true", "version":"1732769022643"}}
{"logTime": "1220/064258", "correlationVector":"bquNz+UVIfgapyScbTqUUD.110","action":"GetUpdates", "result":"DeleteReceived", "context":{"id":"c4787b97-2c64-448c-bf5b-4a2fc9687964", "isDeleted:":"true", "version":"1732786879969"}}
{"logTime": "1220/064258", "correlationVector":"bquNz+UVIfgapyScbTqUUD.111","action":"GetUpdates", "result":"DeleteReceived", "context":{"id":"c499b838-488f-41cc-a90b-fff65d6722bc", "isDeleted:":"true", "version":"1733546394607"}}
{"logTime": "1220/064258", "correlationVector":"bquNz+UVIfgapyScbTqUUD.112","action":"GetUpdates", "result":"DeleteReceived", "context":{"id":"4958aaf7-e166-4cfe-a876-30439e321074", "isDeleted:":"true", "version":"1733546394608"}}
{"logTime": "1220/064258", "correlationVector":"bquNz+UVIfgapyScbTqUUD.113","action":"GetUpdates", "result":"DeleteReceived", "context":{"id":"8e1253c5-49da-4a72-a1ae-517994b3ae19", "isDeleted:":"true", "version":"1733546394610"}}
{"logTime": "1220/064258", "correlationVector":"bquNz+UVIfgapyScbTqUUD.114","action":"GetUpdates Response", "result":"Success", "context":Received 128 update(s). cV=bquNz+UVIfgapyScbTqUUD.0;server=GENERAL0100001N;cloudType=Consumer;environment=Prod_WestEurope_000l;migrationStage=NotStarted}
{"logTime": "1220/064258", "correlationVector":"runUz42e0A22KkRBVDVt/d","action":"Normal GetUpdate request", "result":"", "context":cV=runUz42e0A22KkRBVDVt/d
Nudged types: Sessions, Device Info, User Consents
Refresh requested types: Bookmarks, Preferences, Passwords, Autofill Profiles, Autofill, Typed URLs, Extensions, Sessions, Extension settings, History Delete Directives, Device Info, User Consents, Send Tab To Self, Web Apps, Collection, Edge E Drop, Edge Hub App Usage, Edge Tab Group, Edge Wallet, Encryption Keys}
{"logTime": "1220/064258", "correlationVector":"runUz42e0A22KkRBVDVt/d.1","action":"SyncServerConnectionManagerRequest", "result":"SYNC_SERVER_OK", "context":{"environment":"Prod_WestEurope_x00e", "migrationStage":"NotStarted", "server":"GENERAL0100000P"}}
{"logTime": "1220/064258", "correlationVector":"runUz42e0A22KkRBVDVt/d.2","action":"GetUpdates Response", "result":"Success", "context":Received 0 update(s). cV=runUz42e0A22KkRBVDVt/d.0;server=GENERAL0100000P;cloudType=Consumer;environment=Prod_WestEurope_x00e;migrationStage=NotStarted}
{"logTime": "1220/064258", "correlationVector":"rGaWzSbGKPKL3Yj9TTHWJq","action":"DoCompareDataConsistency requsted types: ", "result":"Bookmarks, Preferences, Passwords, Typed URLs, Extensions, Extension settings, History Delete Directives, Send Tab To Self, Web Apps, Collection, Edge E Drop, Edge Tab Group, Edge Wallet, Encryption Keys"}
{"logTime": "1220/064258", "correlationVector":"rGaWzSbGKPKL3Yj9TTHWJq.0","action":"CompareDataConsistency result: ", "result":"Compare result: Encryption Keys is consistent. local entities count is: 1 local entities hash is: yD2DXW/loLuqHhIvtYZ1/KcFHys="}
{"logTime": "1220/064258", "correlationVector":"rGaWzSbGKPKL3Yj9TTHWJq.1","action":"CompareDataConsistency result: ", "result":"Compare result: Bookmarks is consistent. local entities count is: 3 local entities hash is: DwvkQ7POmVFk4xqq9GpR9vp46eg="}
{"logTime": "1220/064258", "correlationVector":"rGaWzSbGKPKL3Yj9TTHWJq.2","action":"CompareDataConsistency result: ", "result":"Compare result: Preferences is consistent. local entities count is: 29 local entities hash is: bf2AQtwxQKx3YCfIWjgwym5B7qg="}
{"logTime": "1220/064258", "correlationVector":"rGaWzSbGKPKL3Yj9TTHWJq.3","action":"CompareDataConsistency result: ", "result":"Server did not send this Typed URLs local entities count is: 0 local entities hash is: "}
{"logTime": "1220/064258", "correlationVector":"rGaWzSbGKPKL3Yj9TTHWJq.4","action":"CompareDataConsistency result: ", "result":"Compare result: Extensions is consistent. local entities count is: 0 local entities hash is: "}
{"logTime": "1220/064258", "correlationVector":"rGaWzSbGKPKL3Yj9TTHWJq.5","action":"CompareDataConsistency result: ", "result":"Compare result: Extension settings is consistent. local entities count is: 0 local entities hash is: "}
{"logTime": "1220/064258", "correlationVector":"rGaWzSbGKPKL3Yj9TTHWJq.6","action":"CompareDataConsistency result: ", "result":"Compare result: History Delete Directives is consistent. local entities count is: 0 local entities hash is: "}
{"logTime": "1220/064258", "correlationVector":"rGaWzSbGKPKL3Yj9TTHWJq.7","action":"CompareDataConsistency result: ", "result":"Server did not send this Send Tab To Self local entities count is: 0 local entities hash is: "}
{"logTime": "1220/064258", "correlationVector":"rGaWzSbGKPKL3Yj9TTHWJq.8","action":"CompareDataConsistency result: ", "result":"Compare result: Web Apps is consistent. local entities count is: 0 local entities hash is: "}
{"logTime": "1220/064258", "correlationVector":"rGaWzSbGKPKL3Yj9TTHWJq.9","action":"CompareDataConsistency result: ", "result":"Compare result: Collection is consistent. local entities count is: 0 local entities hash is: "}
{"logTime": "1220/064258", "correlationVector":"rGaWzSbGKPKL3Yj9TTHWJq.10","action":"CompareDataConsistency result: ", "result":"Compare result: Edge E Drop is consistent. local entities count is: 0 local entities hash is: "}
{"logTime": "1220/064258", "correlationVector":"rGaWzSbGKPKL3Yj9TTHWJq.11","action":"CompareDataConsistency result: ", "result":"Compare result: Edge Tab Group is consistent. local entities count is: 0 local entities hash is: "}
{"logTime": "1220/064258", "correlationVector":"rGaWzSbGKPKL3Yj9TTHWJq.12","action":"CompareDataConsistency result: ", "result":"Compare result: Edge Wallet is consistent. local entities count is: 0 local entities hash is: "}
{"logTime": "1220/064258", "correlationVector":"rGaWzSbGKPKL3Yj9TTHWJq.13","action":"CompareDataConsistency result: ", "result":"Compare result: Passwords is consistent. local entities count is: 0 local entities hash is: "}
{"logTime": "1220/064258", "correlationVector":"DSUDqGBaWl5FO1FVWm699P","action":"Commit Request", "result":"", "context":Item count: 4
Contributing types: Sessions, Device Info, User Consents}
{"logTime": "1220/064259", "correlationVector":"DSUDqGBaWl5FO1FVWm699P.1","action":"SyncServerConnectionManagerRequest", "result":"SYNC_SERVER_OK", "context":{"environment":"Prod_WestEurope_000l", "migrationStage":"NotStarted", "server":"GENERAL01000018"}}
{"logTime": "1220/064259", "correlationVector":"DSUDqGBaWl5FO1FVWm699P.2","action":"Commit Response", "result":"Success", "context":Result: Success. cV=DSUDqGBaWl5FO1FVWm699P.0;server=GENERAL01000018;cloudType=Consumer;environment=Prod_WestEurope_000l;migrationStage=NotStarted}
{"logTime": "1220/064259", "correlationVector":"","action":"DIAGNOSTIC_REQUEST|v1/diagnosticData/Diagnostic.SendCheckResult()|SUCCESS", "result":""}
{"logTime": "1220/064306", "correlationVector":"TOJv4z3NIBI7pMrt2EU3nD","action":"Commit Request", "result":"", "context":Item count: 1
Contributing types: Edge Hub App Usage}
{"logTime": "1220/064306", "correlationVector":"TOJv4z3NIBI7pMrt2EU3nD.1","action":"SyncServerConnectionManagerRequest", "result":"SYNC_SERVER_OK", "context":{"environment":"Prod_WestEurope_000l", "migrationStage":"NotStarted", "server":"GENERAL0100000N"}}
{"logTime": "1220/064306", "correlationVector":"TOJv4z3NIBI7pMrt2EU3nD.2","action":"Commit Response", "result":"Success", "context":Result: Success. cV=TOJv4z3NIBI7pMrt2EU3nD.0;server=GENERAL0100000N;cloudType=Consumer;environment=Prod_WestEurope_000l;migrationStage=NotStarted}
{"logTime": "1220/064340", "correlationVector":"JUXpLM3q4vxMY4slCIubrb","action":"Commit Request", "result":"", "context":Item count: 1
Contributing types: Sessions}
{"logTime": "1220/064340", "correlationVector":"JUXpLM3q4vxMY4slCIubrb.1","action":"SyncServerConnectionManagerRequest", "result":"SYNC_SERVER_OK", "context":{"environment":"Prod_WestEurope_000l", "migrationStage":"NotStarted", "server":"GENERAL0100001G"}}
{"logTime": "1220/064340", "correlationVector":"JUXpLM3q4vxMY4slCIubrb.2","action":"Commit Response", "result":"Success", "context":Result: Success. cV=JUXpLM3q4vxMY4slCIubrb.0;server=GENERAL0100001G;cloudType=Consumer;environment=Prod_WestEurope_000l;migrationStage=NotStarted}
{"logTime": "1220/064501", "correlationVector":"NPrDJpmUhsHbrEcf66bqgB","action":"Commit Request", "result":"", "context":Item count: 1
Contributing types: User Consents}
{"logTime": "1220/064502", "correlationVector":"NPrDJpmUhsHbrEcf66bqgB.1","action":"SyncServerConnectionManagerRequest", "result":"SYNC_SERVER_OK", "context":{"environment":"Prod_WestEurope_000l", "migrationStage":"NotStarted", "server":"GENERAL01000014"}}
{"logTime": "1220/064502", "correlationVector":"NPrDJpmUhsHbrEcf66bqgB.2","action":"Commit Response", "result":"Success", "context":Result: Success. cV=NPrDJpmUhsHbrEcf66bqgB.0;server=GENERAL01000014;cloudType=Consumer;environment=Prod_WestEurope_000l;migrationStage=NotStarted}
{"logTime": "1220/064533", "correlationVector":"2xzdIDsRA/yuC3zr5QWEby","action":"Commit Request", "result":"", "context":Item count: 1
Contributing types: Sessions}
{"logTime": "1220/064533", "correlationVector":"2xzdIDsRA/yuC3zr5QWEby.1","action":"SyncServerConnectionManagerRequest", "result":"SYNC_SERVER_OK", "context":{"environment":"Prod_WestEurope_000l", "migrationStage":"NotStarted", "server":"GENERAL0100000G"}}
{"logTime": "1220/064533", "correlationVector":"2xzdIDsRA/yuC3zr5QWEby.2","action":"Commit Response", "result":"Success", "context":Result: Success. cV=2xzdIDsRA/yuC3zr5QWEby.0;server=GENERAL0100000G;cloudType=Consumer;environment=Prod_WestEurope_000l;migrationStage=NotStarted}
{"logTime": "1220/064749", "correlationVector":"WdWhkVWkgX5rTtfO66Vflv","action":"Normal GetUpdate request", "result":"", "context":cV=WdWhkVWkgX5rTtfO66Vflv
Refresh requested types: Bookmarks, Preferences, Passwords, Autofill Profiles, Autofill, Typed URLs, Extensions, Sessions, Extension settings, History Delete Directives, Device Info, User Consents, Send Tab To Self, Web Apps, Collection, Edge E Drop, Edge Hub App Usage, Edge Tab Group, Edge Wallet, Encryption Keys}
{"logTime": "1220/064750", "correlationVector":"WdWhkVWkgX5rTtfO66Vflv.1","action":"SyncServerConnectionManagerRequest", "result":"SYNC_SERVER_OK", "context":{"environment":"Prod_WestEurope_000l", "migrationStage":"NotStarted", "server":"GENERAL0100000I"}}
{"logTime": "1220/064750", "correlationVector":"WdWhkVWkgX5rTtfO66Vflv.2","action":"GetUpdates Response", "result":"Success", "context":Received 4 update(s). cV=WdWhkVWkgX5rTtfO66Vflv.0;server=GENERAL0100000I;cloudType=Consumer;environment=Prod_WestEurope_000l;migrationStage=NotStarted}
